  CIocp.cpp
C:\Users\kimjh741963\Desktop\Git_Yggdrasil\Yggdrasil\Server\C++Server_Yeram\IOCP_Server\CIocp.cpp(1,1): warning C4819: 현재 코드 페이지(949)에서 표시할 수 없는 문자가 파일에 들어 있습니다. 데이터가 손실되지 않게 하려면 해당 파일을 유니코드 형식으로 저장하십시오.
C:\Users\kimjh741963\Desktop\Git_Yggdrasil\Yggdrasil\Server\C++Server_Yeram\IOCP_Server\CIocp.h(1,1): warning C4819: 현재 코드 페이지(949)에서 표시할 수 없는 문자가 파일에 들어 있습니다. 데이터가 손실되지 않게 하려면 해당 파일을 유니코드 형식으로 저장하십시오.
C:\Users\kimjh741963\Desktop\Git_Yggdrasil\Yggdrasil\Server\C++Server_Yeram\IOCP_Server\CSession.h(25,3): warning C4996: 'wcscpy': This function or variable may be unsafe. Consider using wcscpy_s instead. To disable deprecation, use _CRT_SECURE_NO_WARNINGS. See online help for details.
C:\Users\kimjh741963\Desktop\Git_Yggdrasil\Yggdrasil\Server\C++Server_Yeram\IOCP_Server\CSession.h(26,3): warning C4996: 'wcscpy': This function or variable may be unsafe. Consider using wcscpy_s instead. To disable deprecation, use _CRT_SECURE_NO_WARNINGS. See online help for details.
C:\Users\kimjh741963\Desktop\Git_Yggdrasil\Yggdrasil\Server\C++Server_Yeram\IOCP_Server\CSession.h(27,3): warning C4996: 'wcscpy': This function or variable may be unsafe. Consider using wcscpy_s instead. To disable deprecation, use _CRT_SECURE_NO_WARNINGS. See online help for details.
C:\Users\kimjh741963\Desktop\Git_Yggdrasil\Yggdrasil\Server\C++Server_Yeram\IOCP_Server\CSession.h(76,3): warning C4996: 'wcsncpy': This function or variable may be unsafe. Consider using wcsncpy_s instead. To disable deprecation, use _CRT_SECURE_NO_WARNINGS. See online help for details.
C:\Users\kimjh741963\Desktop\Git_Yggdrasil\Yggdrasil\Server\C++Server_Yeram\IOCP_Server\CSession.h(77,3): warning C4996: 'wcscpy': This function or variable may be unsafe. Consider using wcscpy_s instead. To disable deprecation, use _CRT_SECURE_NO_WARNINGS. See online help for details.
C:\Users\kimjh741963\Desktop\Git_Yggdrasil\Yggdrasil\Server\C++Server_Yeram\IOCP_Server\CSession.h(78,3): warning C4996: 'wcscpy': This function or variable may be unsafe. Consider using wcscpy_s instead. To disable deprecation, use _CRT_SECURE_NO_WARNINGS. See online help for details.
C:\Users\kimjh741963\Desktop\Git_Yggdrasil\Yggdrasil\Server\C++Server_Yeram\IOCP_Server\CMainMgr.h(1,1): warning C4819: 현재 코드 페이지(949)에서 표시할 수 없는 문자가 파일에 들어 있습니다. 데이터가 손실되지 않게 하려면 해당 파일을 유니코드 형식으로 저장하십시오.
C:\Users\kimjh741963\Desktop\Git_Yggdrasil\Yggdrasil\Server\C++Server_Yeram\IOCP_Server\CRoomMgr.h(1,1): warning C4819: 현재 코드 페이지(949)에서 표시할 수 없는 문자가 파일에 들어 있습니다. 데이터가 손실되지 않게 하려면 해당 파일을 유니코드 형식으로 저장하십시오.
C:\Users\kimjh741963\Desktop\Git_Yggdrasil\Yggdrasil\Server\C++Server_Yeram\IOCP_Server\CRoomMgr.h(22,3): warning C4996: 'wcscpy': This function or variable may be unsafe. Consider using wcscpy_s instead. To disable deprecation, use _CRT_SECURE_NO_WARNINGS. See online help for details.
C:\Users\kimjh741963\Desktop\Git_Yggdrasil\Yggdrasil\Server\C++Server_Yeram\IOCP_Server\CRoomMgr.h(23,3): warning C4996: 'wcscpy': This function or variable may be unsafe. Consider using wcscpy_s instead. To disable deprecation, use _CRT_SECURE_NO_WARNINGS. See online help for details.
  CLobbyMgr.cpp
C:\Users\kimjh741963\Desktop\Git_Yggdrasil\Yggdrasil\Server\C++Server_Yeram\IOCP_Server\CLobbyMgr.cpp(1,1): warning C4819: 현재 코드 페이지(949)에서 표시할 수 없는 문자가 파일에 들어 있습니다. 데이터가 손실되지 않게 하려면 해당 파일을 유니코드 형식으로 저장하십시오.
C:\Users\kimjh741963\Desktop\Git_Yggdrasil\Yggdrasil\Server\C++Server_Yeram\IOCP_Server\CLobbyMgr.h(1,1): warning C4819: 현재 코드 페이지(949)에서 표시할 수 없는 문자가 파일에 들어 있습니다. 데이터가 손실되지 않게 하려면 해당 파일을 유니코드 형식으로 저장하십시오.
C:\Users\kimjh741963\Desktop\Git_Yggdrasil\Yggdrasil\Server\C++Server_Yeram\IOCP_Server\CSession.h(25,3): warning C4996: 'wcscpy': This function or variable may be unsafe. Consider using wcscpy_s instead. To disable deprecation, use _CRT_SECURE_NO_WARNINGS. See online help for details.
C:\Users\kimjh741963\Desktop\Git_Yggdrasil\Yggdrasil\Server\C++Server_Yeram\IOCP_Server\CSession.h(26,3): warning C4996: 'wcscpy': This function or variable may be unsafe. Consider using wcscpy_s instead. To disable deprecation, use _CRT_SECURE_NO_WARNINGS. See online help for details.
C:\Users\kimjh741963\Desktop\Git_Yggdrasil\Yggdrasil\Server\C++Server_Yeram\IOCP_Server\CSession.h(27,3): warning C4996: 'wcscpy': This function or variable may be unsafe. Consider using wcscpy_s instead. To disable deprecation, use _CRT_SECURE_NO_WARNINGS. See online help for details.
C:\Users\kimjh741963\Desktop\Git_Yggdrasil\Yggdrasil\Server\C++Server_Yeram\IOCP_Server\CSession.h(76,3): warning C4996: 'wcsncpy': This function or variable may be unsafe. Consider using wcsncpy_s instead. To disable deprecation, use _CRT_SECURE_NO_WARNINGS. See online help for details.
C:\Users\kimjh741963\Desktop\Git_Yggdrasil\Yggdrasil\Server\C++Server_Yeram\IOCP_Server\CSession.h(77,3): warning C4996: 'wcscpy': This function or variable may be unsafe. Consider using wcscpy_s instead. To disable deprecation, use _CRT_SECURE_NO_WARNINGS. See online help for details.
C:\Users\kimjh741963\Desktop\Git_Yggdrasil\Yggdrasil\Server\C++Server_Yeram\IOCP_Server\CSession.h(78,3): warning C4996: 'wcscpy': This function or variable may be unsafe. Consider using wcscpy_s instead. To disable deprecation, use _CRT_SECURE_NO_WARNINGS. See online help for details.
C:\Users\kimjh741963\Desktop\Git_Yggdrasil\Yggdrasil\Server\C++Server_Yeram\IOCP_Server\CRoomMgr.h(1,1): warning C4819: 현재 코드 페이지(949)에서 표시할 수 없는 문자가 파일에 들어 있습니다. 데이터가 손실되지 않게 하려면 해당 파일을 유니코드 형식으로 저장하십시오.
C:\Users\kimjh741963\Desktop\Git_Yggdrasil\Yggdrasil\Server\C++Server_Yeram\IOCP_Server\CRoomMgr.h(22,3): warning C4996: 'wcscpy': This function or variable may be unsafe. Consider using wcscpy_s instead. To disable deprecation, use _CRT_SECURE_NO_WARNINGS. See online help for details.
C:\Users\kimjh741963\Desktop\Git_Yggdrasil\Yggdrasil\Server\C++Server_Yeram\IOCP_Server\CRoomMgr.h(23,3): warning C4996: 'wcscpy': This function or variable may be unsafe. Consider using wcscpy_s instead. To disable deprecation, use _CRT_SECURE_NO_WARNINGS. See online help for details.
C:\Users\kimjh741963\Desktop\Git_Yggdrasil\Yggdrasil\Server\C++Server_Yeram\IOCP_Server\CLobbyMgr.cpp(33,39): warning C4267: '초기화 중': 'size_t'에서 'int'(으)로 변환하면서 데이터가 손실될 수 있습니다.
C:\Users\kimjh741963\Desktop\Git_Yggdrasil\Yggdrasil\Server\C++Server_Yeram\IOCP_Server\CLobbyMgr.cpp(118,3): warning C4060: switch문에 'case' 또는 'default' 레이블이 없습니다.
C:\Users\kimjh741963\Desktop\Git_Yggdrasil\Yggdrasil\Server\C++Server_Yeram\IOCP_Server\CLobbyMgr.cpp(203,3): warning C4996: '_swprintf': This function or variable may be unsafe. Consider using swprintf_s instead. To disable deprecation, use _CRT_SECURE_NO_WARNINGS. See online help for details.
  CLobbyState.cpp
C:\Users\kimjh741963\Desktop\Git_Yggdrasil\Yggdrasil\Server\C++Server_Yeram\IOCP_Server\CLobbyMgr.h(1,1): warning C4819: 현재 코드 페이지(949)에서 표시할 수 없는 문자가 파일에 들어 있습니다. 데이터가 손실되지 않게 하려면 해당 파일을 유니코드 형식으로 저장하십시오.
C:\Users\kimjh741963\Desktop\Git_Yggdrasil\Yggdrasil\Server\C++Server_Yeram\IOCP_Server\CSession.h(25,3): warning C4996: 'wcscpy': This function or variable may be unsafe. Consider using wcscpy_s instead. To disable deprecation, use _CRT_SECURE_NO_WARNINGS. See online help for details.
C:\Users\kimjh741963\Desktop\Git_Yggdrasil\Yggdrasil\Server\C++Server_Yeram\IOCP_Server\CSession.h(26,3): warning C4996: 'wcscpy': This function or variable may be unsafe. Consider using wcscpy_s instead. To disable deprecation, use _CRT_SECURE_NO_WARNINGS. See online help for details.
C:\Users\kimjh741963\Desktop\Git_Yggdrasil\Yggdrasil\Server\C++Server_Yeram\IOCP_Server\CSession.h(27,3): warning C4996: 'wcscpy': This function or variable may be unsafe. Consider using wcscpy_s instead. To disable deprecation, use _CRT_SECURE_NO_WARNINGS. See online help for details.
C:\Users\kimjh741963\Desktop\Git_Yggdrasil\Yggdrasil\Server\C++Server_Yeram\IOCP_Server\CSession.h(76,3): warning C4996: 'wcsncpy': This function or variable may be unsafe. Consider using wcsncpy_s instead. To disable deprecation, use _CRT_SECURE_NO_WARNINGS. See online help for details.
C:\Users\kimjh741963\Desktop\Git_Yggdrasil\Yggdrasil\Server\C++Server_Yeram\IOCP_Server\CSession.h(77,3): warning C4996: 'wcscpy': This function or variable may be unsafe. Consider using wcscpy_s instead. To disable deprecation, use _CRT_SECURE_NO_WARNINGS. See online help for details.
C:\Users\kimjh741963\Desktop\Git_Yggdrasil\Yggdrasil\Server\C++Server_Yeram\IOCP_Server\CSession.h(78,3): warning C4996: 'wcscpy': This function or variable may be unsafe. Consider using wcscpy_s instead. To disable deprecation, use _CRT_SECURE_NO_WARNINGS. See online help for details.
  CLoginMgr.cpp
C:\Users\kimjh741963\Desktop\Git_Yggdrasil\Yggdrasil\Server\C++Server_Yeram\IOCP_Server\CSession.h(25,3): warning C4996: 'wcscpy': This function or variable may be unsafe. Consider using wcscpy_s instead. To disable deprecation, use _CRT_SECURE_NO_WARNINGS. See online help for details.
C:\Users\kimjh741963\Desktop\Git_Yggdrasil\Yggdrasil\Server\C++Server_Yeram\IOCP_Server\CSession.h(26,3): warning C4996: 'wcscpy': This function or variable may be unsafe. Consider using wcscpy_s instead. To disable deprecation, use _CRT_SECURE_NO_WARNINGS. See online help for details.
C:\Users\kimjh741963\Desktop\Git_Yggdrasil\Yggdrasil\Server\C++Server_Yeram\IOCP_Server\CSession.h(27,3): warning C4996: 'wcscpy': This function or variable may be unsafe. Consider using wcscpy_s instead. To disable deprecation, use _CRT_SECURE_NO_WARNINGS. See online help for details.
C:\Users\kimjh741963\Desktop\Git_Yggdrasil\Yggdrasil\Server\C++Server_Yeram\IOCP_Server\CSession.h(76,3): warning C4996: 'wcsncpy': This function or variable may be unsafe. Consider using wcsncpy_s instead. To disable deprecation, use _CRT_SECURE_NO_WARNINGS. See online help for details.
C:\Users\kimjh741963\Desktop\Git_Yggdrasil\Yggdrasil\Server\C++Server_Yeram\IOCP_Server\CSession.h(77,3): warning C4996: 'wcscpy': This function or variable may be unsafe. Consider using wcscpy_s instead. To disable deprecation, use _CRT_SECURE_NO_WARNINGS. See online help for details.
C:\Users\kimjh741963\Desktop\Git_Yggdrasil\Yggdrasil\Server\C++Server_Yeram\IOCP_Server\CSession.h(78,3): warning C4996: 'wcscpy': This function or variable may be unsafe. Consider using wcscpy_s instead. To disable deprecation, use _CRT_SECURE_NO_WARNINGS. See online help for details.
C:\Users\kimjh741963\Desktop\Git_Yggdrasil\Yggdrasil\Server\C++Server_Yeram\IOCP_Server\CMainMgr.h(1,1): warning C4819: 현재 코드 페이지(949)에서 표시할 수 없는 문자가 파일에 들어 있습니다. 데이터가 손실되지 않게 하려면 해당 파일을 유니코드 형식으로 저장하십시오.
C:\Users\kimjh741963\Desktop\Git_Yggdrasil\Yggdrasil\Server\C++Server_Yeram\IOCP_Server\CIocp.h(1,1): warning C4819: 현재 코드 페이지(949)에서 표시할 수 없는 문자가 파일에 들어 있습니다. 데이터가 손실되지 않게 하려면 해당 파일을 유니코드 형식으로 저장하십시오.
C:\Users\kimjh741963\Desktop\Git_Yggdrasil\Yggdrasil\Server\C++Server_Yeram\IOCP_Server\CLobbyMgr.h(1,1): warning C4819: 현재 코드 페이지(949)에서 표시할 수 없는 문자가 파일에 들어 있습니다. 데이터가 손실되지 않게 하려면 해당 파일을 유니코드 형식으로 저장하십시오.
C:\Users\kimjh741963\Desktop\Git_Yggdrasil\Yggdrasil\Server\C++Server_Yeram\IOCP_Server\CRoomMgr.h(1,1): warning C4819: 현재 코드 페이지(949)에서 표시할 수 없는 문자가 파일에 들어 있습니다. 데이터가 손실되지 않게 하려면 해당 파일을 유니코드 형식으로 저장하십시오.
C:\Users\kimjh741963\Desktop\Git_Yggdrasil\Yggdrasil\Server\C++Server_Yeram\IOCP_Server\CRoomMgr.h(22,3): warning C4996: 'wcscpy': This function or variable may be unsafe. Consider using wcscpy_s instead. To disable deprecation, use _CRT_SECURE_NO_WARNINGS. See online help for details.
C:\Users\kimjh741963\Desktop\Git_Yggdrasil\Yggdrasil\Server\C++Server_Yeram\IOCP_Server\CRoomMgr.h(23,3): warning C4996: 'wcscpy': This function or variable may be unsafe. Consider using wcscpy_s instead. To disable deprecation, use _CRT_SECURE_NO_WARNINGS. See online help for details.
C:\Users\kimjh741963\Desktop\Git_Yggdrasil\Yggdrasil\Server\C++Server_Yeram\IOCP_Server\CLoginMgr.cpp(107,3): warning C4996: '_swprintf': This function or variable may be unsafe. Consider using swprintf_s instead. To disable deprecation, use _CRT_SECURE_NO_WARNINGS. See online help for details.
C:\Users\kimjh741963\Desktop\Git_Yggdrasil\Yggdrasil\Server\C++Server_Yeram\IOCP_Server\CLoginMgr.cpp(118,3): warning C4996: 'wcscpy': This function or variable may be unsafe. Consider using wcscpy_s instead. To disable deprecation, use _CRT_SECURE_NO_WARNINGS. See online help for details.
C:\Users\kimjh741963\Desktop\Git_Yggdrasil\Yggdrasil\Server\C++Server_Yeram\IOCP_Server\CLoginMgr.cpp(94,6): warning C4101: 'p' :참조되지 않은 지역 변수입니다.
C:\Users\kimjh741963\Desktop\Git_Yggdrasil\Yggdrasil\Server\C++Server_Yeram\IOCP_Server\CLoginMgr.cpp(157,3): warning C4996: '_swprintf': This function or variable may be unsafe. Consider using swprintf_s instead. To disable deprecation, use _CRT_SECURE_NO_WARNINGS. See online help for details.
C:\Users\kimjh741963\Desktop\Git_Yggdrasil\Yggdrasil\Server\C++Server_Yeram\IOCP_Server\CLoginMgr.cpp(168,3): warning C4996: '_swprintf': This function or variable may be unsafe. Consider using swprintf_s instead. To disable deprecation, use _CRT_SECURE_NO_WARNINGS. See online help for details.
C:\Users\kimjh741963\Desktop\Git_Yggdrasil\Yggdrasil\Server\C++Server_Yeram\IOCP_Server\CLoginMgr.cpp(180,3): warning C4996: 'wcscpy': This function or variable may be unsafe. Consider using wcscpy_s instead. To disable deprecation, use _CRT_SECURE_NO_WARNINGS. See online help for details.
C:\Users\kimjh741963\Desktop\Git_Yggdrasil\Yggdrasil\Server\C++Server_Yeram\IOCP_Server\CLoginMgr.cpp(140,6): warning C4101: 'p' :참조되지 않은 지역 변수입니다.
C:\Users\kimjh741963\Desktop\Git_Yggdrasil\Yggdrasil\Server\C++Server_Yeram\IOCP_Server\CLoginMgr.cpp(249,6): warning C4996: 'wcscpy': This function or variable may be unsafe. Consider using wcscpy_s instead. To disable deprecation, use _CRT_SECURE_NO_WARNINGS. See online help for details.
C:\Users\kimjh741963\Desktop\Git_Yggdrasil\Yggdrasil\Server\C++Server_Yeram\IOCP_Server\CLoginMgr.cpp(262,7): warning C4996: 'wcscpy': This function or variable may be unsafe. Consider using wcscpy_s instead. To disable deprecation, use _CRT_SECURE_NO_WARNINGS. See online help for details.
C:\Users\kimjh741963\Desktop\Git_Yggdrasil\Yggdrasil\Server\C++Server_Yeram\IOCP_Server\CLoginMgr.cpp(280,4): warning C4996: 'wcscpy': This function or variable may be unsafe. Consider using wcscpy_s instead. To disable deprecation, use _CRT_SECURE_NO_WARNINGS. See online help for details.
C:\Users\kimjh741963\Desktop\Git_Yggdrasil\Yggdrasil\Server\C++Server_Yeram\IOCP_Server\CLoginMgr.cpp(286,4): warning C4996: 'wcscpy': This function or variable may be unsafe. Consider using wcscpy_s instead. To disable deprecation, use _CRT_SECURE_NO_WARNINGS. See online help for details.
C:\Users\kimjh741963\Desktop\Git_Yggdrasil\Yggdrasil\Server\C++Server_Yeram\IOCP_Server\CLoginMgr.cpp(305,39): warning C4267: '초기화 중': 'size_t'에서 'int'(으)로 변환하면서 데이터가 손실될 수 있습니다.
C:\Users\kimjh741963\Desktop\Git_Yggdrasil\Yggdrasil\Server\C++Server_Yeram\IOCP_Server\CLoginMgr.cpp(316,35): warning C4267: '=': 'size_t'에서 'int'(으)로 변환하면서 데이터가 손실될 수 있습니다.
C:\Users\kimjh741963\Desktop\Git_Yggdrasil\Yggdrasil\Server\C++Server_Yeram\IOCP_Server\CLoginMgr.cpp(333,40): warning C4267: '초기화 중': 'size_t'에서 'int'(으)로 변환하면서 데이터가 손실될 수 있습니다.
C:\Users\kimjh741963\Desktop\Git_Yggdrasil\Yggdrasil\Server\C++Server_Yeram\IOCP_Server\CLoginMgr.cpp(352,40): warning C4267: '초기화 중': 'size_t'에서 'int'(으)로 변환하면서 데이터가 손실될 수 있습니다.
C:\Users\kimjh741963\Desktop\Git_Yggdrasil\Yggdrasil\Server\C++Server_Yeram\IOCP_Server\CLoginMgr.cpp(429,14): warning C4996: 'fopen': This function or variable may be unsafe. Consider using fopen_s instead. To disable deprecation, use _CRT_SECURE_NO_WARNINGS. See online help for details.
C:\Users\kimjh741963\Desktop\Git_Yggdrasil\Yggdrasil\Server\C++Server_Yeram\IOCP_Server\CLoginMgr.cpp(434,13): warning C4996: 'fopen': This function or variable may be unsafe. Consider using fopen_s instead. To disable deprecation, use _CRT_SECURE_NO_WARNINGS. See online help for details.
C:\Users\kimjh741963\Desktop\Git_Yggdrasil\Yggdrasil\Server\C++Server_Yeram\IOCP_Server\CLoginMgr.cpp(468,55): warning C4267: '초기화 중': 'size_t'에서 'int'(으)로 변환하면서 데이터가 손실될 수 있습니다.
C:\Users\kimjh741963\Desktop\Git_Yggdrasil\Yggdrasil\Server\C++Server_Yeram\IOCP_Server\CLoginMgr.cpp(462,13): warning C4996: 'fopen': This function or variable may be unsafe. Consider using fopen_s instead. To disable deprecation, use _CRT_SECURE_NO_WARNINGS. See online help for details.
  CLoginState.cpp
C:\Users\kimjh741963\Desktop\Git_Yggdrasil\Yggdrasil\Server\C++Server_Yeram\IOCP_Server\CSession.h(25,3): warning C4996: 'wcscpy': This function or variable may be unsafe. Consider using wcscpy_s instead. To disable deprecation, use _CRT_SECURE_NO_WARNINGS. See online help for details.
C:\Users\kimjh741963\Desktop\Git_Yggdrasil\Yggdrasil\Server\C++Server_Yeram\IOCP_Server\CSession.h(26,3): warning C4996: 'wcscpy': This function or variable may be unsafe. Consider using wcscpy_s instead. To disable deprecation, use _CRT_SECURE_NO_WARNINGS. See online help for details.
C:\Users\kimjh741963\Desktop\Git_Yggdrasil\Yggdrasil\Server\C++Server_Yeram\IOCP_Server\CSession.h(27,3): warning C4996: 'wcscpy': This function or variable may be unsafe. Consider using wcscpy_s instead. To disable deprecation, use _CRT_SECURE_NO_WARNINGS. See online help for details.
C:\Users\kimjh741963\Desktop\Git_Yggdrasil\Yggdrasil\Server\C++Server_Yeram\IOCP_Server\CSession.h(76,3): warning C4996: 'wcsncpy': This function or variable may be unsafe. Consider using wcsncpy_s instead. To disable deprecation, use _CRT_SECURE_NO_WARNINGS. See online help for details.
C:\Users\kimjh741963\Desktop\Git_Yggdrasil\Yggdrasil\Server\C++Server_Yeram\IOCP_Server\CSession.h(77,3): warning C4996: 'wcscpy': This function or variable may be unsafe. Consider using wcscpy_s instead. To disable deprecation, use _CRT_SECURE_NO_WARNINGS. See online help for details.
C:\Users\kimjh741963\Desktop\Git_Yggdrasil\Yggdrasil\Server\C++Server_Yeram\IOCP_Server\CSession.h(78,3): warning C4996: 'wcscpy': This function or variable may be unsafe. Consider using wcscpy_s instead. To disable deprecation, use _CRT_SECURE_NO_WARNINGS. See online help for details.
C:\Users\kimjh741963\Desktop\Git_Yggdrasil\Yggdrasil\Server\C++Server_Yeram\IOCP_Server\CLobbyMgr.h(1,1): warning C4819: 현재 코드 페이지(949)에서 표시할 수 없는 문자가 파일에 들어 있습니다. 데이터가 손실되지 않게 하려면 해당 파일을 유니코드 형식으로 저장하십시오.
  CMainMgr.cpp
C:\Users\kimjh741963\Desktop\Git_Yggdrasil\Yggdrasil\Server\C++Server_Yeram\IOCP_Server\CMainMgr.cpp(1,1): warning C4819: 현재 코드 페이지(949)에서 표시할 수 없는 문자가 파일에 들어 있습니다. 데이터가 손실되지 않게 하려면 해당 파일을 유니코드 형식으로 저장하십시오.
C:\Users\kimjh741963\Desktop\Git_Yggdrasil\Yggdrasil\Server\C++Server_Yeram\IOCP_Server\CMainMgr.h(1,1): warning C4819: 현재 코드 페이지(949)에서 표시할 수 없는 문자가 파일에 들어 있습니다. 데이터가 손실되지 않게 하려면 해당 파일을 유니코드 형식으로 저장하십시오.
C:\Users\kimjh741963\Desktop\Git_Yggdrasil\Yggdrasil\Server\C++Server_Yeram\IOCP_Server\CIocp.h(1,1): warning C4819: 현재 코드 페이지(949)에서 표시할 수 없는 문자가 파일에 들어 있습니다. 데이터가 손실되지 않게 하려면 해당 파일을 유니코드 형식으로 저장하십시오.
C:\Users\kimjh741963\Desktop\Git_Yggdrasil\Yggdrasil\Server\C++Server_Yeram\IOCP_Server\CSession.h(25,3): warning C4996: 'wcscpy': This function or variable may be unsafe. Consider using wcscpy_s instead. To disable deprecation, use _CRT_SECURE_NO_WARNINGS. See online help for details.
C:\Users\kimjh741963\Desktop\Git_Yggdrasil\Yggdrasil\Server\C++Server_Yeram\IOCP_Server\CSession.h(26,3): warning C4996: 'wcscpy': This function or variable may be unsafe. Consider using wcscpy_s instead. To disable deprecation, use _CRT_SECURE_NO_WARNINGS. See online help for details.
C:\Users\kimjh741963\Desktop\Git_Yggdrasil\Yggdrasil\Server\C++Server_Yeram\IOCP_Server\CSession.h(27,3): warning C4996: 'wcscpy': This function or variable may be unsafe. Consider using wcscpy_s instead. To disable deprecation, use _CRT_SECURE_NO_WARNINGS. See online help for details.
C:\Users\kimjh741963\Desktop\Git_Yggdrasil\Yggdrasil\Server\C++Server_Yeram\IOCP_Server\CSession.h(76,3): warning C4996: 'wcsncpy': This function or variable may be unsafe. Consider using wcsncpy_s instead. To disable deprecation, use _CRT_SECURE_NO_WARNINGS. See online help for details.
C:\Users\kimjh741963\Desktop\Git_Yggdrasil\Yggdrasil\Server\C++Server_Yeram\IOCP_Server\CSession.h(77,3): warning C4996: 'wcscpy': This function or variable may be unsafe. Consider using wcscpy_s instead. To disable deprecation, use _CRT_SECURE_NO_WARNINGS. See online help for details.
C:\Users\kimjh741963\Desktop\Git_Yggdrasil\Yggdrasil\Server\C++Server_Yeram\IOCP_Server\CSession.h(78,3): warning C4996: 'wcscpy': This function or variable may be unsafe. Consider using wcscpy_s instead. To disable deprecation, use _CRT_SECURE_NO_WARNINGS. See online help for details.
C:\Users\kimjh741963\Desktop\Git_Yggdrasil\Yggdrasil\Server\C++Server_Yeram\IOCP_Server\CLobbyMgr.h(1,1): warning C4819: 현재 코드 페이지(949)에서 표시할 수 없는 문자가 파일에 들어 있습니다. 데이터가 손실되지 않게 하려면 해당 파일을 유니코드 형식으로 저장하십시오.
C:\Users\kimjh741963\Desktop\Git_Yggdrasil\Yggdrasil\Server\C++Server_Yeram\IOCP_Server\CRoomMgr.h(1,1): warning C4819: 현재 코드 페이지(949)에서 표시할 수 없는 문자가 파일에 들어 있습니다. 데이터가 손실되지 않게 하려면 해당 파일을 유니코드 형식으로 저장하십시오.
C:\Users\kimjh741963\Desktop\Git_Yggdrasil\Yggdrasil\Server\C++Server_Yeram\IOCP_Server\CRoomMgr.h(22,3): warning C4996: 'wcscpy': This function or variable may be unsafe. Consider using wcscpy_s instead. To disable deprecation, use _CRT_SECURE_NO_WARNINGS. See online help for details.
C:\Users\kimjh741963\Desktop\Git_Yggdrasil\Yggdrasil\Server\C++Server_Yeram\IOCP_Server\CRoomMgr.h(23,3): warning C4996: 'wcscpy': This function or variable may be unsafe. Consider using wcscpy_s instead. To disable deprecation, use _CRT_SECURE_NO_WARNINGS. See online help for details.
  CRoomMgr.cpp
C:\Users\kimjh741963\Desktop\Git_Yggdrasil\Yggdrasil\Server\C++Server_Yeram\IOCP_Server\CRoomMgr.cpp(1,1): warning C4819: 현재 코드 페이지(949)에서 표시할 수 없는 문자가 파일에 들어 있습니다. 데이터가 손실되지 않게 하려면 해당 파일을 유니코드 형식으로 저장하십시오.
C:\Users\kimjh741963\Desktop\Git_Yggdrasil\Yggdrasil\Server\C++Server_Yeram\IOCP_Server\CRoomMgr.h(1,1): warning C4819: 현재 코드 페이지(949)에서 표시할 수 없는 문자가 파일에 들어 있습니다. 데이터가 손실되지 않게 하려면 해당 파일을 유니코드 형식으로 저장하십시오.
C:\Users\kimjh741963\Desktop\Git_Yggdrasil\Yggdrasil\Server\C++Server_Yeram\IOCP_Server\CRoomMgr.h(22,3): warning C4996: 'wcscpy': This function or variable may be unsafe. Consider using wcscpy_s instead. To disable deprecation, use _CRT_SECURE_NO_WARNINGS. See online help for details.
C:\Users\kimjh741963\Desktop\Git_Yggdrasil\Yggdrasil\Server\C++Server_Yeram\IOCP_Server\CRoomMgr.h(23,3): warning C4996: 'wcscpy': This function or variable may be unsafe. Consider using wcscpy_s instead. To disable deprecation, use _CRT_SECURE_NO_WARNINGS. See online help for details.
C:\Users\kimjh741963\Desktop\Git_Yggdrasil\Yggdrasil\Server\C++Server_Yeram\IOCP_Server\CLobbyMgr.h(1,1): warning C4819: 현재 코드 페이지(949)에서 표시할 수 없는 문자가 파일에 들어 있습니다. 데이터가 손실되지 않게 하려면 해당 파일을 유니코드 형식으로 저장하십시오.
C:\Users\kimjh741963\Desktop\Git_Yggdrasil\Yggdrasil\Server\C++Server_Yeram\IOCP_Server\CSession.h(25,3): warning C4996: 'wcscpy': This function or variable may be unsafe. Consider using wcscpy_s instead. To disable deprecation, use _CRT_SECURE_NO_WARNINGS. See online help for details.
C:\Users\kimjh741963\Desktop\Git_Yggdrasil\Yggdrasil\Server\C++Server_Yeram\IOCP_Server\CSession.h(26,3): warning C4996: 'wcscpy': This function or variable may be unsafe. Consider using wcscpy_s instead. To disable deprecation, use _CRT_SECURE_NO_WARNINGS. See online help for details.
C:\Users\kimjh741963\Desktop\Git_Yggdrasil\Yggdrasil\Server\C++Server_Yeram\IOCP_Server\CSession.h(27,3): warning C4996: 'wcscpy': This function or variable may be unsafe. Consider using wcscpy_s instead. To disable deprecation, use _CRT_SECURE_NO_WARNINGS. See online help for details.
C:\Users\kimjh741963\Desktop\Git_Yggdrasil\Yggdrasil\Server\C++Server_Yeram\IOCP_Server\CSession.h(76,3): warning C4996: 'wcsncpy': This function or variable may be unsafe. Consider using wcsncpy_s instead. To disable deprecation, use _CRT_SECURE_NO_WARNINGS. See online help for details.
C:\Users\kimjh741963\Desktop\Git_Yggdrasil\Yggdrasil\Server\C++Server_Yeram\IOCP_Server\CSession.h(77,3): warning C4996: 'wcscpy': This function or variable may be unsafe. Consider using wcscpy_s instead. To disable deprecation, use _CRT_SECURE_NO_WARNINGS. See online help for details.
C:\Users\kimjh741963\Desktop\Git_Yggdrasil\Yggdrasil\Server\C++Server_Yeram\IOCP_Server\CSession.h(78,3): warning C4996: 'wcscpy': This function or variable may be unsafe. Consider using wcscpy_s instead. To disable deprecation, use _CRT_SECURE_NO_WARNINGS. See online help for details.
C:\Users\kimjh741963\Desktop\Git_Yggdrasil\Yggdrasil\Server\C++Server_Yeram\IOCP_Server\CRoomMgr.cpp(31,3): warning C4996: '_swprintf': This function or variable may be unsafe. Consider using swprintf_s instead. To disable deprecation, use _CRT_SECURE_NO_WARNINGS. See online help for details.
C:\Users\kimjh741963\Desktop\Git_Yggdrasil\Yggdrasil\Server\C++Server_Yeram\IOCP_Server\CRoomMgr.cpp(83,20): warning C4018: '<': signed 또는 unsigned가 일치하지 않습니다.
C:\Users\kimjh741963\Desktop\Git_Yggdrasil\Yggdrasil\Server\C++Server_Yeram\IOCP_Server\CRoomMgr.cpp(233,29): warning C4267: '초기화 중': 'size_t'에서 'int'(으)로 변환하면서 데이터가 손실될 수 있습니다.
C:\Users\kimjh741963\Desktop\Git_Yggdrasil\Yggdrasil\Server\C++Server_Yeram\IOCP_Server\CRoomMgr.cpp(256,44): warning C4267: '=': 'size_t'에서 'int'(으)로 변환하면서 데이터가 손실될 수 있습니다.
C:\Users\kimjh741963\Desktop\Git_Yggdrasil\Yggdrasil\Server\C++Server_Yeram\IOCP_Server\CRoomMgr.cpp(275,43): warning C4267: '초기화 중': 'size_t'에서 'int'(으)로 변환하면서 데이터가 손실될 수 있습니다.
  C_SetCtrlHandler.cpp
C:\Users\kimjh741963\Desktop\Git_Yggdrasil\Yggdrasil\Server\C++Server_Yeram\IOCP_Server\CMainMgr.h(1,1): warning C4819: 현재 코드 페이지(949)에서 표시할 수 없는 문자가 파일에 들어 있습니다. 데이터가 손실되지 않게 하려면 해당 파일을 유니코드 형식으로 저장하십시오.
C:\Users\kimjh741963\Desktop\Git_Yggdrasil\Yggdrasil\Server\C++Server_Yeram\IOCP_Server\CIocp.h(1,1): warning C4819: 현재 코드 페이지(949)에서 표시할 수 없는 문자가 파일에 들어 있습니다. 데이터가 손실되지 않게 하려면 해당 파일을 유니코드 형식으로 저장하십시오.
C:\Users\kimjh741963\Desktop\Git_Yggdrasil\Yggdrasil\Server\C++Server_Yeram\IOCP_Server\CSession.h(25,3): warning C4996: 'wcscpy': This function or variable may be unsafe. Consider using wcscpy_s instead. To disable deprecation, use _CRT_SECURE_NO_WARNINGS. See online help for details.
C:\Users\kimjh741963\Desktop\Git_Yggdrasil\Yggdrasil\Server\C++Server_Yeram\IOCP_Server\CSession.h(26,3): warning C4996: 'wcscpy': This function or variable may be unsafe. Consider using wcscpy_s instead. To disable deprecation, use _CRT_SECURE_NO_WARNINGS. See online help for details.
C:\Users\kimjh741963\Desktop\Git_Yggdrasil\Yggdrasil\Server\C++Server_Yeram\IOCP_Server\CSession.h(27,3): warning C4996: 'wcscpy': This function or variable may be unsafe. Consider using wcscpy_s instead. To disable deprecation, use _CRT_SECURE_NO_WARNINGS. See online help for details.
C:\Users\kimjh741963\Desktop\Git_Yggdrasil\Yggdrasil\Server\C++Server_Yeram\IOCP_Server\CSession.h(76,3): warning C4996: 'wcsncpy': This function or variable may be unsafe. Consider using wcsncpy_s instead. To disable deprecation, use _CRT_SECURE_NO_WARNINGS. See online help for details.
C:\Users\kimjh741963\Desktop\Git_Yggdrasil\Yggdrasil\Server\C++Server_Yeram\IOCP_Server\CSession.h(77,3): warning C4996: 'wcscpy': This function or variable may be unsafe. Consider using wcscpy_s instead. To disable deprecation, use _CRT_SECURE_NO_WARNINGS. See online help for details.
C:\Users\kimjh741963\Desktop\Git_Yggdrasil\Yggdrasil\Server\C++Server_Yeram\IOCP_Server\CSession.h(78,3): warning C4996: 'wcscpy': This function or variable may be unsafe. Consider using wcscpy_s instead. To disable deprecation, use _CRT_SECURE_NO_WARNINGS. See online help for details.
  main.cpp
C:\Users\kimjh741963\Desktop\Git_Yggdrasil\Yggdrasil\Server\C++Server_Yeram\IOCP_Server\CMainMgr.h(1,1): warning C4819: 현재 코드 페이지(949)에서 표시할 수 없는 문자가 파일에 들어 있습니다. 데이터가 손실되지 않게 하려면 해당 파일을 유니코드 형식으로 저장하십시오.
C:\Users\kimjh741963\Desktop\Git_Yggdrasil\Yggdrasil\Server\C++Server_Yeram\IOCP_Server\CIocp.h(1,1): warning C4819: 현재 코드 페이지(949)에서 표시할 수 없는 문자가 파일에 들어 있습니다. 데이터가 손실되지 않게 하려면 해당 파일을 유니코드 형식으로 저장하십시오.
C:\Users\kimjh741963\Desktop\Git_Yggdrasil\Yggdrasil\Server\C++Server_Yeram\IOCP_Server\CSession.h(25,3): warning C4996: 'wcscpy': This function or variable may be unsafe. Consider using wcscpy_s instead. To disable deprecation, use _CRT_SECURE_NO_WARNINGS. See online help for details.
C:\Users\kimjh741963\Desktop\Git_Yggdrasil\Yggdrasil\Server\C++Server_Yeram\IOCP_Server\CSession.h(26,3): warning C4996: 'wcscpy': This function or variable may be unsafe. Consider using wcscpy_s instead. To disable deprecation, use _CRT_SECURE_NO_WARNINGS. See online help for details.
C:\Users\kimjh741963\Desktop\Git_Yggdrasil\Yggdrasil\Server\C++Server_Yeram\IOCP_Server\CSession.h(27,3): warning C4996: 'wcscpy': This function or variable may be unsafe. Consider using wcscpy_s instead. To disable deprecation, use _CRT_SECURE_NO_WARNINGS. See online help for details.
C:\Users\kimjh741963\Desktop\Git_Yggdrasil\Yggdrasil\Server\C++Server_Yeram\IOCP_Server\CSession.h(76,3): warning C4996: 'wcsncpy': This function or variable may be unsafe. Consider using wcsncpy_s instead. To disable deprecation, use _CRT_SECURE_NO_WARNINGS. See online help for details.
C:\Users\kimjh741963\Desktop\Git_Yggdrasil\Yggdrasil\Server\C++Server_Yeram\IOCP_Server\CSession.h(77,3): warning C4996: 'wcscpy': This function or variable may be unsafe. Consider using wcscpy_s instead. To disable deprecation, use _CRT_SECURE_NO_WARNINGS. See online help for details.
C:\Users\kimjh741963\Desktop\Git_Yggdrasil\Yggdrasil\Server\C++Server_Yeram\IOCP_Server\CSession.h(78,3): warning C4996: 'wcscpy': This function or variable may be unsafe. Consider using wcscpy_s instead. To disable deprecation, use _CRT_SECURE_NO_WARNINGS. See online help for details.
  코드를 생성하고 있습니다...
  IOCP_Server.vcxproj -> C:\Users\kimjh741963\Desktop\Git_Yggdrasil\Yggdrasil\Server\C++Server_Yeram\IOCP_Server\x64\Debug\IOCP_Server.exe
